2022-05-29 12:34:34 [127.0.0.1][-][-][error][yii\web\HttpException:400] yii\web\HttpException: The requested item isn't IP address or command: Error:: Data in post haven't key 'ip'! in /home/orsgen/dev_projects/geoip_ms/models/Main.php:44
Stack trace:
#0 /home/orsgen/dev_projects/geoip_ms/controllers/SiteController.php(16): geoip_ms\models\Main::GetIP()
#1 [internal function]: geoip_ms\controllers\SiteController->actionIndex()
#2 /home/orsgen/dev_projects/geoip_ms/vendor/yiisoft/yii2/base/InlineAction.php(57): call_user_func_array()
#3 /home/orsgen/dev_projects/geoip_ms/vendor/yiisoft/yii2/base/Controller.php(178): yii\base\InlineAction->runWithParams()
#4 /home/orsgen/dev_projects/geoip_ms/vendor/yiisoft/yii2/base/Module.php(552): yii\base\Controller->runAction()
#5 /home/orsgen/dev_projects/geoip_ms/vendor/yiisoft/yii2/web/Application.php(103): yii\base\Module->runAction()
#6 /home/orsgen/dev_projects/geoip_ms/vendor/yiisoft/yii2/base/Application.php(384): yii\web\Application->handleRequest()
#7 /home/orsgen/dev_projects/geoip_ms/web/index.php(14): yii\base\Application->run()
#8 {main}
2022-05-29 12:34:34 [127.0.0.1][-][-][warning][application] Error: (400) :: The requested item isn't IP address or command: Error:: Data in post haven't key 'ip'!
2022-05-29 12:34:34 [127.0.0.1][-][-][info][application] $_GET = []

$_POST = []

$_FILES = []

$_COOKIE = []

$_SERVER = [
    'HTTP_HOST' => 'localhost'
    'HTTP_USER_AGENT' => 'curl/7.68.0'
    'CONTENT_TYPE' => 'application/json'
    'HTTP_ACCEPT' => 'application/json'
    'CONTENT_LENGTH' => '32'
    'PATH' => '/usr/local/sbin:/usr/local/bin:/usr/sbin:/usr/bin:/sbin:/bin:/snap/bin'
    'SERVER_SIGNATURE' => '<address>Apache/2.4.41 (Ubuntu) Server at localhost Port 80</address>
'
    'SERVER_SOFTWARE' => 'Apache/2.4.41 (Ubuntu)'
    'SERVER_NAME' => 'localhost'
    'SERVER_ADDR' => '127.0.0.1'
    'SERVER_PORT' => '80'
    'REMOTE_ADDR' => '127.0.0.1'
    'DOCUMENT_ROOT' => '/home/orsgen/dev_projects'
    'REQUEST_SCHEME' => 'http'
    'CONTEXT_PREFIX' => ''
    'CONTEXT_DOCUMENT_ROOT' => '/home/orsgen/dev_projects'
    'SERVER_ADMIN' => 'webmaster@localhost'
    'SCRIPT_FILENAME' => '/home/orsgen/dev_projects/geoip_ms/web/index.php'
    'REMOTE_PORT' => '39038'
    'GATEWAY_INTERFACE' => 'CGI/1.1'
    'SERVER_PROTOCOL' => 'HTTP/1.1'
    'REQUEST_METHOD' => 'POST'
    'QUERY_STRING' => ''
    'REQUEST_URI' => '/geoip_ms/web/index.php'
    'SCRIPT_NAME' => '/geoip_ms/web/index.php'
    'PHP_SELF' => '/geoip_ms/web/index.php'
    'REQUEST_TIME_FLOAT' => 1653827674.7882
    'REQUEST_TIME' => 1653827674
]
2022-05-29 13:53:42 [127.0.0.1][-][-][error][yii\web\HttpException:404] yii\web\NotFoundHttpException: Page not found. in /home/orsgen/dev_projects/geoip_ms/vendor/yiisoft/yii2/web/Request.php:287
Stack trace:
#0 /home/orsgen/dev_projects/geoip_ms/vendor/yiisoft/yii2/web/Application.php(82): yii\web\Request->resolve()
#1 /home/orsgen/dev_projects/geoip_ms/vendor/yiisoft/yii2/base/Application.php(384): yii\web\Application->handleRequest()
#2 /home/orsgen/dev_projects/geoip_ms/web/index.php(13): yii\base\Application->run()
#3 {main}
2022-05-29 13:53:42 [127.0.0.1][-][-][warning][application] Error: (404) :: Page not found.
2022-05-29 13:53:42 [127.0.0.1][-][-][info][application] $_GET = []

$_POST = []

$_FILES = []

$_COOKIE = []

$_SERVER = [
    'HTTP_HOST' => 'localhost'
    'HTTP_USER_AGENT' => 'Mozilla/5.0 (X11; Ubuntu; Linux x86_64; rv:100.0) Gecko/20100101 Firefox/100.0'
    'HTTP_ACCEPT' => 'text/html,application/xhtml+xml,application/xml;q=0.9,image/avif,image/webp,*/*;q=0.8'
    'HTTP_ACCEPT_LANGUAGE' => 'en-US,ru;q=0.7,en;q=0.3'
    'HTTP_ACCEPT_ENCODING' => 'gzip, deflate, br'
    'HTTP_DNT' => '1'
    'HTTP_CONNECTION' => 'keep-alive'
    'HTTP_UPGRADE_INSECURE_REQUESTS' => '1'
    'HTTP_SEC_FETCH_DEST' => 'document'
    'HTTP_SEC_FETCH_MODE' => 'navigate'
    'HTTP_SEC_FETCH_SITE' => 'none'
    'HTTP_SEC_FETCH_USER' => '?1'
    'PATH' => '/usr/local/sbin:/usr/local/bin:/usr/sbin:/usr/bin:/sbin:/bin:/snap/bin'
    'SERVER_SIGNATURE' => '<address>Apache/2.4.41 (Ubuntu) Server at localhost Port 80</address>
'
    'SERVER_SOFTWARE' => 'Apache/2.4.41 (Ubuntu)'
    'SERVER_NAME' => 'localhost'
    'SERVER_ADDR' => '127.0.0.1'
    'SERVER_PORT' => '80'
    'REMOTE_ADDR' => '127.0.0.1'
    'DOCUMENT_ROOT' => '/home/orsgen/dev_projects'
    'REQUEST_SCHEME' => 'http'
    'CONTEXT_PREFIX' => ''
    'CONTEXT_DOCUMENT_ROOT' => '/home/orsgen/dev_projects'
    'SERVER_ADMIN' => 'webmaster@localhost'
    'SCRIPT_FILENAME' => '/home/orsgen/dev_projects/geoip_ms/web/index.php'
    'REMOTE_PORT' => '40398'
    'GATEWAY_INTERFACE' => 'CGI/1.1'
    'SERVER_PROTOCOL' => 'HTTP/1.1'
    'REQUEST_METHOD' => 'GET'
    'QUERY_STRING' => ''
    'REQUEST_URI' => '/geoip_ms/web/'
    'SCRIPT_NAME' => '/geoip_ms/web/index.php'
    'PHP_SELF' => '/geoip_ms/web/index.php'
    'REQUEST_TIME_FLOAT' => 1653832422.8118
    'REQUEST_TIME' => 1653832422
]
2022-05-29 13:53:58 [127.0.0.1][-][-][error][yii\web\HttpException:404] yii\web\NotFoundHttpException: Page not found. in /home/orsgen/dev_projects/geoip_ms/vendor/yiisoft/yii2/web/Request.php:287
Stack trace:
#0 /home/orsgen/dev_projects/geoip_ms/vendor/yiisoft/yii2/web/Application.php(82): yii\web\Request->resolve()
#1 /home/orsgen/dev_projects/geoip_ms/vendor/yiisoft/yii2/base/Application.php(384): yii\web\Application->handleRequest()
#2 /home/orsgen/dev_projects/geoip_ms/web/index.php(13): yii\base\Application->run()
#3 {main}
2022-05-29 13:53:58 [127.0.0.1][-][-][warning][application] Error: (404) :: Page not found.
2022-05-29 13:53:58 [127.0.0.1][-][-][info][application] $_GET = []

$_POST = []

$_FILES = []

$_COOKIE = []

$_SERVER = [
    'HTTP_HOST' => 'localhost'
    'HTTP_USER_AGENT' => 'Mozilla/5.0 (X11; Ubuntu; Linux x86_64; rv:100.0) Gecko/20100101 Firefox/100.0'
    'HTTP_ACCEPT' => 'text/html,application/xhtml+xml,application/xml;q=0.9,image/avif,image/webp,*/*;q=0.8'
    'HTTP_ACCEPT_LANGUAGE' => 'en-US,ru;q=0.7,en;q=0.3'
    'HTTP_ACCEPT_ENCODING' => 'gzip, deflate, br'
    'HTTP_DNT' => '1'
    'HTTP_CONNECTION' => 'keep-alive'
    'HTTP_UPGRADE_INSECURE_REQUESTS' => '1'
    'HTTP_SEC_FETCH_DEST' => 'document'
    'HTTP_SEC_FETCH_MODE' => 'navigate'
    'HTTP_SEC_FETCH_SITE' => 'none'
    'HTTP_SEC_FETCH_USER' => '?1'
    'PATH' => '/usr/local/sbin:/usr/local/bin:/usr/sbin:/usr/bin:/sbin:/bin:/snap/bin'
    'SERVER_SIGNATURE' => '<address>Apache/2.4.41 (Ubuntu) Server at localhost Port 80</address>
'
    'SERVER_SOFTWARE' => 'Apache/2.4.41 (Ubuntu)'
    'SERVER_NAME' => 'localhost'
    'SERVER_ADDR' => '127.0.0.1'
    'SERVER_PORT' => '80'
    'REMOTE_ADDR' => '127.0.0.1'
    'DOCUMENT_ROOT' => '/home/orsgen/dev_projects'
    'REQUEST_SCHEME' => 'http'
    'CONTEXT_PREFIX' => ''
    'CONTEXT_DOCUMENT_ROOT' => '/home/orsgen/dev_projects'
    'SERVER_ADMIN' => 'webmaster@localhost'
    'SCRIPT_FILENAME' => '/home/orsgen/dev_projects/geoip_ms/web/index.php'
    'REMOTE_PORT' => '40404'
    'GATEWAY_INTERFACE' => 'CGI/1.1'
    'SERVER_PROTOCOL' => 'HTTP/1.1'
    'REQUEST_METHOD' => 'GET'
    'QUERY_STRING' => ''
    'REQUEST_URI' => '/geoip_ms/web/'
    'SCRIPT_NAME' => '/geoip_ms/web/index.php'
    'PHP_SELF' => '/geoip_ms/web/index.php'
    'REQUEST_TIME_FLOAT' => 1653832438.0251
    'REQUEST_TIME' => 1653832438
]
2022-05-29 13:54:52 [127.0.0.1][-][-][error][yii\web\HttpException:404] yii\web\NotFoundHttpException: Page not found. in /home/orsgen/dev_projects/geoip_ms/vendor/yiisoft/yii2/web/Request.php:287
Stack trace:
#0 /home/orsgen/dev_projects/geoip_ms/vendor/yiisoft/yii2/web/Application.php(82): yii\web\Request->resolve()
#1 /home/orsgen/dev_projects/geoip_ms/vendor/yiisoft/yii2/base/Application.php(384): yii\web\Application->handleRequest()
#2 /home/orsgen/dev_projects/geoip_ms/web/index.php(13): yii\base\Application->run()
#3 {main}
2022-05-29 13:54:52 [127.0.0.1][-][-][warning][application] Error: (404) :: Page not found.
2022-05-29 13:54:52 [127.0.0.1][-][-][info][application] $_GET = []

$_POST = []

$_FILES = []

$_COOKIE = []

$_SERVER = [
    'HTTP_HOST' => 'localhost'
    'HTTP_USER_AGENT' => 'Mozilla/5.0 (X11; Ubuntu; Linux x86_64; rv:100.0) Gecko/20100101 Firefox/100.0'
    'HTTP_ACCEPT' => 'text/html,application/xhtml+xml,application/xml;q=0.9,image/avif,image/webp,*/*;q=0.8'
    'HTTP_ACCEPT_LANGUAGE' => 'en-US,ru;q=0.7,en;q=0.3'
    'HTTP_ACCEPT_ENCODING' => 'gzip, deflate, br'
    'HTTP_DNT' => '1'
    'HTTP_CONNECTION' => 'keep-alive'
    'HTTP_UPGRADE_INSECURE_REQUESTS' => '1'
    'HTTP_SEC_FETCH_DEST' => 'document'
    'HTTP_SEC_FETCH_MODE' => 'navigate'
    'HTTP_SEC_FETCH_SITE' => 'none'
    'HTTP_SEC_FETCH_USER' => '?1'
    'PATH' => '/usr/local/sbin:/usr/local/bin:/usr/sbin:/usr/bin:/sbin:/bin:/snap/bin'
    'SERVER_SIGNATURE' => '<address>Apache/2.4.41 (Ubuntu) Server at localhost Port 80</address>
'
    'SERVER_SOFTWARE' => 'Apache/2.4.41 (Ubuntu)'
    'SERVER_NAME' => 'localhost'
    'SERVER_ADDR' => '127.0.0.1'
    'SERVER_PORT' => '80'
    'REMOTE_ADDR' => '127.0.0.1'
    'DOCUMENT_ROOT' => '/home/orsgen/dev_projects'
    'REQUEST_SCHEME' => 'http'
    'CONTEXT_PREFIX' => ''
    'CONTEXT_DOCUMENT_ROOT' => '/home/orsgen/dev_projects'
    'SERVER_ADMIN' => 'webmaster@localhost'
    'SCRIPT_FILENAME' => '/home/orsgen/dev_projects/geoip_ms/web/index.php'
    'REMOTE_PORT' => '40492'
    'GATEWAY_INTERFACE' => 'CGI/1.1'
    'SERVER_PROTOCOL' => 'HTTP/1.1'
    'REQUEST_METHOD' => 'GET'
    'QUERY_STRING' => ''
    'REQUEST_URI' => '/geoip_ms/web/index.php'
    'SCRIPT_NAME' => '/geoip_ms/web/index.php'
    'PHP_SELF' => '/geoip_ms/web/index.php'
    'REQUEST_TIME_FLOAT' => 1653832492.4619
    'REQUEST_TIME' => 1653832492
]
2022-05-29 13:55:58 [127.0.0.1][-][-][error][yii\web\HttpException:404] yii\web\NotFoundHttpException: Page not found. in /home/orsgen/dev_projects/geoip_ms/vendor/yiisoft/yii2/web/Request.php:287
Stack trace:
#0 /home/orsgen/dev_projects/geoip_ms/vendor/yiisoft/yii2/web/Application.php(82): yii\web\Request->resolve()
#1 /home/orsgen/dev_projects/geoip_ms/vendor/yiisoft/yii2/base/Application.php(384): yii\web\Application->handleRequest()
#2 /home/orsgen/dev_projects/geoip_ms/web/index.php(13): yii\base\Application->run()
#3 {main}
2022-05-29 13:55:58 [127.0.0.1][-][-][warning][application] Error: (404) :: Page not found.
2022-05-29 13:55:58 [127.0.0.1][-][-][info][application] $_GET = [
    'ppp' => '3'
]

$_POST = []

$_FILES = []

$_COOKIE = []

$_SERVER = [
    'HTTP_HOST' => 'localhost'
    'HTTP_USER_AGENT' => 'Mozilla/5.0 (X11; Ubuntu; Linux x86_64; rv:100.0) Gecko/20100101 Firefox/100.0'
    'HTTP_ACCEPT' => 'text/html,application/xhtml+xml,application/xml;q=0.9,image/avif,image/webp,*/*;q=0.8'
    'HTTP_ACCEPT_LANGUAGE' => 'en-US,ru;q=0.7,en;q=0.3'
    'HTTP_ACCEPT_ENCODING' => 'gzip, deflate, br'
    'HTTP_DNT' => '1'
    'HTTP_CONNECTION' => 'keep-alive'
    'HTTP_UPGRADE_INSECURE_REQUESTS' => '1'
    'HTTP_SEC_FETCH_DEST' => 'document'
    'HTTP_SEC_FETCH_MODE' => 'navigate'
    'HTTP_SEC_FETCH_SITE' => 'none'
    'HTTP_SEC_FETCH_USER' => '?1'
    'PATH' => '/usr/local/sbin:/usr/local/bin:/usr/sbin:/usr/bin:/sbin:/bin:/snap/bin'
    'SERVER_SIGNATURE' => '<address>Apache/2.4.41 (Ubuntu) Server at localhost Port 80</address>
'
    'SERVER_SOFTWARE' => 'Apache/2.4.41 (Ubuntu)'
    'SERVER_NAME' => 'localhost'
    'SERVER_ADDR' => '127.0.0.1'
    'SERVER_PORT' => '80'
    'REMOTE_ADDR' => '127.0.0.1'
    'DOCUMENT_ROOT' => '/home/orsgen/dev_projects'
    'REQUEST_SCHEME' => 'http'
    'CONTEXT_PREFIX' => ''
    'CONTEXT_DOCUMENT_ROOT' => '/home/orsgen/dev_projects'
    'SERVER_ADMIN' => 'webmaster@localhost'
    'SCRIPT_FILENAME' => '/home/orsgen/dev_projects/geoip_ms/web/index.php'
    'REMOTE_PORT' => '40494'
    'GATEWAY_INTERFACE' => 'CGI/1.1'
    'SERVER_PROTOCOL' => 'HTTP/1.1'
    'REQUEST_METHOD' => 'GET'
    'QUERY_STRING' => 'ppp=3'
    'REQUEST_URI' => '/geoip_ms/web/index.php?ppp=3'
    'SCRIPT_NAME' => '/geoip_ms/web/index.php'
    'PHP_SELF' => '/geoip_ms/web/index.php'
    'REQUEST_TIME_FLOAT' => 1653832558.3344
    'REQUEST_TIME' => 1653832558
]
2022-05-29 13:56:06 [127.0.0.1][-][-][error][yii\web\HttpException:404] yii\web\NotFoundHttpException: Page not found. in /home/orsgen/dev_projects/geoip_ms/vendor/yiisoft/yii2/web/Request.php:287
Stack trace:
#0 /home/orsgen/dev_projects/geoip_ms/vendor/yiisoft/yii2/web/Application.php(82): yii\web\Request->resolve()
#1 /home/orsgen/dev_projects/geoip_ms/vendor/yiisoft/yii2/base/Application.php(384): yii\web\Application->handleRequest()
#2 /home/orsgen/dev_projects/geoip_ms/web/index.php(13): yii\base\Application->run()
#3 {main}
2022-05-29 13:56:06 [127.0.0.1][-][-][warning][application] Error: (404) :: Page not found.
2022-05-29 13:56:06 [127.0.0.1][-][-][info][application] $_GET = [
    'ppp' => '3'
]

$_POST = []

$_FILES = []

$_COOKIE = []

$_SERVER = [
    'HTTP_HOST' => 'localhost'
    'HTTP_USER_AGENT' => 'Mozilla/5.0 (X11; Ubuntu; Linux x86_64; rv:100.0) Gecko/20100101 Firefox/100.0'
    'HTTP_ACCEPT' => 'text/html,application/xhtml+xml,application/xml;q=0.9,image/avif,image/webp,*/*;q=0.8'
    'HTTP_ACCEPT_LANGUAGE' => 'en-US,ru;q=0.7,en;q=0.3'
    'HTTP_ACCEPT_ENCODING' => 'gzip, deflate, br'
    'HTTP_DNT' => '1'
    'HTTP_CONNECTION' => 'keep-alive'
    'HTTP_UPGRADE_INSECURE_REQUESTS' => '1'
    'HTTP_SEC_FETCH_DEST' => 'document'
    'HTTP_SEC_FETCH_MODE' => 'navigate'
    'HTTP_SEC_FETCH_SITE' => 'none'
    'HTTP_SEC_FETCH_USER' => '?1'
    'PATH' => '/usr/local/sbin:/usr/local/bin:/usr/sbin:/usr/bin:/sbin:/bin:/snap/bin'
    'SERVER_SIGNATURE' => '<address>Apache/2.4.41 (Ubuntu) Server at localhost Port 80</address>
'
    'SERVER_SOFTWARE' => 'Apache/2.4.41 (Ubuntu)'
    'SERVER_NAME' => 'localhost'
    'SERVER_ADDR' => '127.0.0.1'
    'SERVER_PORT' => '80'
    'REMOTE_ADDR' => '127.0.0.1'
    'DOCUMENT_ROOT' => '/home/orsgen/dev_projects'
    'REQUEST_SCHEME' => 'http'
    'CONTEXT_PREFIX' => ''
    'CONTEXT_DOCUMENT_ROOT' => '/home/orsgen/dev_projects'
    'SERVER_ADMIN' => 'webmaster@localhost'
    'SCRIPT_FILENAME' => '/home/orsgen/dev_projects/geoip_ms/web/index.php'
    'REMOTE_PORT' => '40496'
    'GATEWAY_INTERFACE' => 'CGI/1.1'
    'SERVER_PROTOCOL' => 'HTTP/1.1'
    'REQUEST_METHOD' => 'GET'
    'QUERY_STRING' => 'ppp=3'
    'REQUEST_URI' => '/geoip_ms/web/index.php?ppp=3'
    'SCRIPT_NAME' => '/geoip_ms/web/index.php'
    'PHP_SELF' => '/geoip_ms/web/index.php'
    'REQUEST_TIME_FLOAT' => 1653832566.6711
    'REQUEST_TIME' => 1653832566
]
2022-05-29 13:56:14 [127.0.0.1][-][-][error][yii\web\HttpException:404] yii\web\NotFoundHttpException: Page not found. in /home/orsgen/dev_projects/geoip_ms/vendor/yiisoft/yii2/web/Request.php:287
Stack trace:
#0 /home/orsgen/dev_projects/geoip_ms/vendor/yiisoft/yii2/web/Application.php(82): yii\web\Request->resolve()
#1 /home/orsgen/dev_projects/geoip_ms/vendor/yiisoft/yii2/base/Application.php(384): yii\web\Application->handleRequest()
#2 /home/orsgen/dev_projects/geoip_ms/web/index.php(13): yii\base\Application->run()
#3 {main}
2022-05-29 13:56:14 [127.0.0.1][-][-][warning][application] Error: (404) :: Page not found.
2022-05-29 13:56:14 [127.0.0.1][-][-][info][application] $_GET = []

$_POST = []

$_FILES = []

$_COOKIE = []

$_SERVER = [
    'HTTP_HOST' => 'localhost'
    'HTTP_USER_AGENT' => 'Mozilla/5.0 (X11; Ubuntu; Linux x86_64; rv:100.0) Gecko/20100101 Firefox/100.0'
    'HTTP_ACCEPT' => 'text/html,application/xhtml+xml,application/xml;q=0.9,image/avif,image/webp,*/*;q=0.8'
    'HTTP_ACCEPT_LANGUAGE' => 'en-US,ru;q=0.7,en;q=0.3'
    'HTTP_ACCEPT_ENCODING' => 'gzip, deflate, br'
    'HTTP_DNT' => '1'
    'HTTP_CONNECTION' => 'keep-alive'
    'HTTP_UPGRADE_INSECURE_REQUESTS' => '1'
    'HTTP_SEC_FETCH_DEST' => 'document'
    'HTTP_SEC_FETCH_MODE' => 'navigate'
    'HTTP_SEC_FETCH_SITE' => 'none'
    'HTTP_SEC_FETCH_USER' => '?1'
    'PATH' => '/usr/local/sbin:/usr/local/bin:/usr/sbin:/usr/bin:/sbin:/bin:/snap/bin'
    'SERVER_SIGNATURE' => '<address>Apache/2.4.41 (Ubuntu) Server at localhost Port 80</address>
'
    'SERVER_SOFTWARE' => 'Apache/2.4.41 (Ubuntu)'
    'SERVER_NAME' => 'localhost'
    'SERVER_ADDR' => '127.0.0.1'
    'SERVER_PORT' => '80'
    'REMOTE_ADDR' => '127.0.0.1'
    'DOCUMENT_ROOT' => '/home/orsgen/dev_projects'
    'REQUEST_SCHEME' => 'http'
    'CONTEXT_PREFIX' => ''
    'CONTEXT_DOCUMENT_ROOT' => '/home/orsgen/dev_projects'
    'SERVER_ADMIN' => 'webmaster@localhost'
    'SCRIPT_FILENAME' => '/home/orsgen/dev_projects/geoip_ms/web/index.php'
    'REMOTE_PORT' => '40498'
    'GATEWAY_INTERFACE' => 'CGI/1.1'
    'SERVER_PROTOCOL' => 'HTTP/1.1'
    'REQUEST_METHOD' => 'GET'
    'QUERY_STRING' => ''
    'REQUEST_URI' => '/geoip_ms/web/'
    'SCRIPT_NAME' => '/geoip_ms/web/index.php'
    'PHP_SELF' => '/geoip_ms/web/index.php'
    'REQUEST_TIME_FLOAT' => 1653832574.1132
    'REQUEST_TIME' => 1653832574
]
2022-05-29 15:10:09 [127.0.0.1][-][-][error][yii\web\HttpException:404] yii\base\InvalidRouteException: Unable to resolve the request "web/". in /home/orsgen/dev_projects/geoip_ms/vendor/yiisoft/yii2/base/Module.php:561
Stack trace:
#0 /home/orsgen/dev_projects/geoip_ms/vendor/yiisoft/yii2/web/Application.php(103): yii\base\Module->runAction()
#1 /home/orsgen/dev_projects/geoip_ms/vendor/yiisoft/yii2/base/Application.php(384): yii\web\Application->handleRequest()
#2 /home/orsgen/dev_projects/geoip_ms/web/index.php(13): yii\base\Application->run()
#3 {main}

Next yii\web\NotFoundHttpException: Page not found. in /home/orsgen/dev_projects/geoip_ms/vendor/yiisoft/yii2/web/Application.php:115
Stack trace:
#0 /home/orsgen/dev_projects/geoip_ms/vendor/yiisoft/yii2/base/Application.php(384): yii\web\Application->handleRequest()
#1 /home/orsgen/dev_projects/geoip_ms/web/index.php(13): yii\base\Application->run()
#2 {main}
2022-05-29 15:10:09 [127.0.0.1][-][-][warning][application] Error: (404) :: Page not found.
2022-05-29 15:10:09 [127.0.0.1][-][-][info][application] $_GET = []

$_POST = []

$_FILES = []

$_COOKIE = []

$_SERVER = [
    'REDIRECT_STATUS' => '200'
    'HTTP_HOST' => 'geoip_ms.loc'
    'HTTP_USER_AGENT' => 'Mozilla/5.0 (X11; Ubuntu; Linux x86_64; rv:100.0) Gecko/20100101 Firefox/100.0'
    'HTTP_ACCEPT' => 'text/html,application/xhtml+xml,application/xml;q=0.9,image/avif,image/webp,*/*;q=0.8'
    'HTTP_ACCEPT_LANGUAGE' => 'en-US,ru;q=0.7,en;q=0.3'
    'HTTP_ACCEPT_ENCODING' => 'gzip, deflate'
    'HTTP_DNT' => '1'
    'HTTP_CONNECTION' => 'keep-alive'
    'HTTP_UPGRADE_INSECURE_REQUESTS' => '1'
    'PATH' => '/usr/local/sbin:/usr/local/bin:/usr/sbin:/usr/bin:/sbin:/bin:/snap/bin'
    'SERVER_SIGNATURE' => '<address>Apache/2.4.41 (Ubuntu) Server at geoip_ms.loc Port 80</address>
'
    'SERVER_SOFTWARE' => 'Apache/2.4.41 (Ubuntu)'
    'SERVER_NAME' => 'geoip_ms.loc'
    'SERVER_ADDR' => '127.0.0.1'
    'SERVER_PORT' => '80'
    'REMOTE_ADDR' => '127.0.0.1'
    'DOCUMENT_ROOT' => '/home/orsgen/dev_projects/geoip_ms/web'
    'REQUEST_SCHEME' => 'http'
    'CONTEXT_PREFIX' => ''
    'CONTEXT_DOCUMENT_ROOT' => '/home/orsgen/dev_projects/geoip_ms/web'
    'SERVER_ADMIN' => '[no address given]'
    'SCRIPT_FILENAME' => '/home/orsgen/dev_projects/geoip_ms/web/index.php'
    'REMOTE_PORT' => '42618'
    'REDIRECT_URL' => '/web/'
    'GATEWAY_INTERFACE' => 'CGI/1.1'
    'SERVER_PROTOCOL' => 'HTTP/1.1'
    'REQUEST_METHOD' => 'GET'
    'QUERY_STRING' => ''
    'REQUEST_URI' => '/web/'
    'SCRIPT_NAME' => '/index.php'
    'PHP_SELF' => '/index.php'
    'REQUEST_TIME_FLOAT' => 1653837009.4667
    'REQUEST_TIME' => 1653837009
]
2022-05-29 15:10:32 [127.0.0.1][-][-][error][yii\web\HttpException:404] yii\base\InvalidRouteException: Unable to resolve the request "get". in /home/orsgen/dev_projects/geoip_ms/vendor/yiisoft/yii2/base/Module.php:561
Stack trace:
#0 /home/orsgen/dev_projects/geoip_ms/vendor/yiisoft/yii2/web/Application.php(103): yii\base\Module->runAction()
#1 /home/orsgen/dev_projects/geoip_ms/vendor/yiisoft/yii2/base/Application.php(384): yii\web\Application->handleRequest()
#2 /home/orsgen/dev_projects/geoip_ms/web/index.php(13): yii\base\Application->run()
#3 {main}

Next yii\web\NotFoundHttpException: Page not found. in /home/orsgen/dev_projects/geoip_ms/vendor/yiisoft/yii2/web/Application.php:115
Stack trace:
#0 /home/orsgen/dev_projects/geoip_ms/vendor/yiisoft/yii2/base/Application.php(384): yii\web\Application->handleRequest()
#1 /home/orsgen/dev_projects/geoip_ms/web/index.php(13): yii\base\Application->run()
#2 {main}
2022-05-29 15:10:32 [127.0.0.1][-][-][warning][application] Error: (404) :: Page not found.
2022-05-29 15:10:32 [127.0.0.1][-][-][info][application] $_GET = []

$_POST = []

$_FILES = []

$_COOKIE = []

$_SERVER = [
    'REDIRECT_STATUS' => '200'
    'HTTP_HOST' => 'geoip_ms.loc'
    'HTTP_USER_AGENT' => 'Mozilla/5.0 (X11; Ubuntu; Linux x86_64; rv:100.0) Gecko/20100101 Firefox/100.0'
    'HTTP_ACCEPT' => 'text/html,application/xhtml+xml,application/xml;q=0.9,image/avif,image/webp,*/*;q=0.8'
    'HTTP_ACCEPT_LANGUAGE' => 'en-US,ru;q=0.7,en;q=0.3'
    'HTTP_ACCEPT_ENCODING' => 'gzip, deflate'
    'HTTP_DNT' => '1'
    'HTTP_CONNECTION' => 'keep-alive'
    'HTTP_UPGRADE_INSECURE_REQUESTS' => '1'
    'PATH' => '/usr/local/sbin:/usr/local/bin:/usr/sbin:/usr/bin:/sbin:/bin:/snap/bin'
    'SERVER_SIGNATURE' => '<address>Apache/2.4.41 (Ubuntu) Server at geoip_ms.loc Port 80</address>
'
    'SERVER_SOFTWARE' => 'Apache/2.4.41 (Ubuntu)'
    'SERVER_NAME' => 'geoip_ms.loc'
    'SERVER_ADDR' => '127.0.0.1'
    'SERVER_PORT' => '80'
    'REMOTE_ADDR' => '127.0.0.1'
    'DOCUMENT_ROOT' => '/home/orsgen/dev_projects/geoip_ms/web'
    'REQUEST_SCHEME' => 'http'
    'CONTEXT_PREFIX' => ''
    'CONTEXT_DOCUMENT_ROOT' => '/home/orsgen/dev_projects/geoip_ms/web'
    'SERVER_ADMIN' => '[no address given]'
    'SCRIPT_FILENAME' => '/home/orsgen/dev_projects/geoip_ms/web/index.php'
    'REMOTE_PORT' => '42630'
    'REDIRECT_URL' => '/get'
    'GATEWAY_INTERFACE' => 'CGI/1.1'
    'SERVER_PROTOCOL' => 'HTTP/1.1'
    'REQUEST_METHOD' => 'GET'
    'QUERY_STRING' => ''
    'REQUEST_URI' => '/get'
    'SCRIPT_NAME' => '/index.php'
    'PHP_SELF' => '/index.php'
    'REQUEST_TIME_FLOAT' => 1653837032.918
    'REQUEST_TIME' => 1653837032
]
2022-05-29 15:13:43 [127.0.0.1][-][-][error][yii\web\HttpException:400] yii\web\HttpException: The requested item isn't IP address or command: Error:: Data in post haven't key 'ip'! in /home/orsgen/dev_projects/geoip_ms/models/Main.php:44
Stack trace:
#0 /home/orsgen/dev_projects/geoip_ms/controllers/SiteController.php(16): geoip_ms\models\Main::GetIP()
#1 [internal function]: geoip_ms\controllers\SiteController->actionIndex()
#2 /home/orsgen/dev_projects/geoip_ms/vendor/yiisoft/yii2/base/InlineAction.php(57): call_user_func_array()
#3 /home/orsgen/dev_projects/geoip_ms/vendor/yiisoft/yii2/base/Controller.php(178): yii\base\InlineAction->runWithParams()
#4 /home/orsgen/dev_projects/geoip_ms/vendor/yiisoft/yii2/base/Module.php(552): yii\base\Controller->runAction()
#5 /home/orsgen/dev_projects/geoip_ms/vendor/yiisoft/yii2/web/Application.php(103): yii\base\Module->runAction()
#6 /home/orsgen/dev_projects/geoip_ms/vendor/yiisoft/yii2/base/Application.php(384): yii\web\Application->handleRequest()
#7 /home/orsgen/dev_projects/geoip_ms/web/index.php(13): yii\base\Application->run()
#8 {main}
2022-05-29 15:13:43 [127.0.0.1][-][-][warning][application] Error: (400) :: The requested item isn't IP address or command: Error:: Data in post haven't key 'ip'!
2022-05-29 15:13:43 [127.0.0.1][-][-][info][application] $_GET = []

$_POST = []

$_FILES = []

$_COOKIE = []

$_SERVER = [
    'HTTP_HOST' => 'geoip_ms.loc'
    'HTTP_USER_AGENT' => 'curl/7.68.0'
    'CONTENT_TYPE' => 'application/json'
    'HTTP_ACCEPT' => 'application/json'
    'CONTENT_LENGTH' => '32'
    'PATH' => '/usr/local/sbin:/usr/local/bin:/usr/sbin:/usr/bin:/sbin:/bin:/snap/bin'
    'SERVER_SIGNATURE' => '<address>Apache/2.4.41 (Ubuntu) Server at geoip_ms.loc Port 80</address>
'
    'SERVER_SOFTWARE' => 'Apache/2.4.41 (Ubuntu)'
    'SERVER_NAME' => 'geoip_ms.loc'
    'SERVER_ADDR' => '127.0.0.1'
    'SERVER_PORT' => '80'
    'REMOTE_ADDR' => '127.0.0.1'
    'DOCUMENT_ROOT' => '/home/orsgen/dev_projects/geoip_ms/web'
    'REQUEST_SCHEME' => 'http'
    'CONTEXT_PREFIX' => ''
    'CONTEXT_DOCUMENT_ROOT' => '/home/orsgen/dev_projects/geoip_ms/web'
    'SERVER_ADMIN' => '[no address given]'
    'SCRIPT_FILENAME' => '/home/orsgen/dev_projects/geoip_ms/web/index.php'
    'REMOTE_PORT' => '42674'
    'GATEWAY_INTERFACE' => 'CGI/1.1'
    'SERVER_PROTOCOL' => 'HTTP/1.1'
    'REQUEST_METHOD' => 'POST'
    'QUERY_STRING' => ''
    'REQUEST_URI' => '/'
    'SCRIPT_NAME' => '/index.php'
    'PHP_SELF' => '/index.php'
    'REQUEST_TIME_FLOAT' => 1653837223.6122
    'REQUEST_TIME' => 1653837223
]
2022-05-29 15:13:56 [127.0.0.1][-][-][error][yii\web\HttpException:404] yii\base\InvalidRouteException: Unable to resolve the request "get". in /home/orsgen/dev_projects/geoip_ms/vendor/yiisoft/yii2/base/Module.php:561
Stack trace:
#0 /home/orsgen/dev_projects/geoip_ms/vendor/yiisoft/yii2/web/Application.php(103): yii\base\Module->runAction()
#1 /home/orsgen/dev_projects/geoip_ms/vendor/yiisoft/yii2/base/Application.php(384): yii\web\Application->handleRequest()
#2 /home/orsgen/dev_projects/geoip_ms/web/index.php(13): yii\base\Application->run()
#3 {main}

Next yii\web\NotFoundHttpException: Page not found. in /home/orsgen/dev_projects/geoip_ms/vendor/yiisoft/yii2/web/Application.php:115
Stack trace:
#0 /home/orsgen/dev_projects/geoip_ms/vendor/yiisoft/yii2/base/Application.php(384): yii\web\Application->handleRequest()
#1 /home/orsgen/dev_projects/geoip_ms/web/index.php(13): yii\base\Application->run()
#2 {main}
2022-05-29 15:13:56 [127.0.0.1][-][-][warning][application] Error: (404) :: Page not found.
2022-05-29 15:13:56 [127.0.0.1][-][-][info][application] $_GET = []

$_POST = []

$_FILES = []

$_COOKIE = []

$_SERVER = [
    'REDIRECT_STATUS' => '200'
    'HTTP_HOST' => 'geoip_ms.loc'
    'HTTP_USER_AGENT' => 'curl/7.68.0'
    'CONTENT_TYPE' => 'application/json'
    'HTTP_ACCEPT' => 'application/json'
    'CONTENT_LENGTH' => '32'
    'PATH' => '/usr/local/sbin:/usr/local/bin:/usr/sbin:/usr/bin:/sbin:/bin:/snap/bin'
    'SERVER_SIGNATURE' => '<address>Apache/2.4.41 (Ubuntu) Server at geoip_ms.loc Port 80</address>
'
    'SERVER_SOFTWARE' => 'Apache/2.4.41 (Ubuntu)'
    'SERVER_NAME' => 'geoip_ms.loc'
    'SERVER_ADDR' => '127.0.0.1'
    'SERVER_PORT' => '80'
    'REMOTE_ADDR' => '127.0.0.1'
    'DOCUMENT_ROOT' => '/home/orsgen/dev_projects/geoip_ms/web'
    'REQUEST_SCHEME' => 'http'
    'CONTEXT_PREFIX' => ''
    'CONTEXT_DOCUMENT_ROOT' => '/home/orsgen/dev_projects/geoip_ms/web'
    'SERVER_ADMIN' => '[no address given]'
    'SCRIPT_FILENAME' => '/home/orsgen/dev_projects/geoip_ms/web/index.php'
    'REMOTE_PORT' => '42676'
    'REDIRECT_URL' => '/get'
    'GATEWAY_INTERFACE' => 'CGI/1.1'
    'SERVER_PROTOCOL' => 'HTTP/1.1'
    'REQUEST_METHOD' => 'POST'
    'QUERY_STRING' => ''
    'REQUEST_URI' => '/get'
    'SCRIPT_NAME' => '/index.php'
    'PHP_SELF' => '/index.php'
    'REQUEST_TIME_FLOAT' => 1653837236.1784
    'REQUEST_TIME' => 1653837236
]
2022-05-29 15:14:11 [127.0.0.1][-][-][error][yii\web\HttpException:400] yii\web\HttpException: The requested item isn't IP address or command: Error:: Data in post haven't key 'ip'! in /home/orsgen/dev_projects/geoip_ms/models/Main.php:44
Stack trace:
#0 /home/orsgen/dev_projects/geoip_ms/controllers/SiteController.php(16): geoip_ms\models\Main::GetIP()
#1 [internal function]: geoip_ms\controllers\SiteController->actionIndex()
#2 /home/orsgen/dev_projects/geoip_ms/vendor/yiisoft/yii2/base/InlineAction.php(57): call_user_func_array()
#3 /home/orsgen/dev_projects/geoip_ms/vendor/yiisoft/yii2/base/Controller.php(178): yii\base\InlineAction->runWithParams()
#4 /home/orsgen/dev_projects/geoip_ms/vendor/yiisoft/yii2/base/Module.php(552): yii\base\Controller->runAction()
#5 /home/orsgen/dev_projects/geoip_ms/vendor/yiisoft/yii2/web/Application.php(103): yii\base\Module->runAction()
#6 /home/orsgen/dev_projects/geoip_ms/vendor/yiisoft/yii2/base/Application.php(384): yii\web\Application->handleRequest()
#7 /home/orsgen/dev_projects/geoip_ms/web/index.php(13): yii\base\Application->run()
#8 {main}
2022-05-29 15:14:11 [127.0.0.1][-][-][warning][application] Error: (400) :: The requested item isn't IP address or command: Error:: Data in post haven't key 'ip'!
2022-05-29 15:14:11 [127.0.0.1][-][-][info][application] $_GET = []

$_POST = []

$_FILES = []

$_COOKIE = []

$_SERVER = [
    'HTTP_HOST' => 'geoip_ms.loc'
    'HTTP_USER_AGENT' => 'curl/7.68.0'
    'CONTENT_TYPE' => 'application/json'
    'HTTP_ACCEPT' => 'application/json'
    'CONTENT_LENGTH' => '32'
    'PATH' => '/usr/local/sbin:/usr/local/bin:/usr/sbin:/usr/bin:/sbin:/bin:/snap/bin'
    'SERVER_SIGNATURE' => '<address>Apache/2.4.41 (Ubuntu) Server at geoip_ms.loc Port 80</address>
'
    'SERVER_SOFTWARE' => 'Apache/2.4.41 (Ubuntu)'
    'SERVER_NAME' => 'geoip_ms.loc'
    'SERVER_ADDR' => '127.0.0.1'
    'SERVER_PORT' => '80'
    'REMOTE_ADDR' => '127.0.0.1'
    'DOCUMENT_ROOT' => '/home/orsgen/dev_projects/geoip_ms/web'
    'REQUEST_SCHEME' => 'http'
    'CONTEXT_PREFIX' => ''
    'CONTEXT_DOCUMENT_ROOT' => '/home/orsgen/dev_projects/geoip_ms/web'
    'SERVER_ADMIN' => '[no address given]'
    'SCRIPT_FILENAME' => '/home/orsgen/dev_projects/geoip_ms/web/index.php'
    'REMOTE_PORT' => '42678'
    'GATEWAY_INTERFACE' => 'CGI/1.1'
    'SERVER_PROTOCOL' => 'HTTP/1.1'
    'REQUEST_METHOD' => 'POST'
    'QUERY_STRING' => ''
    'REQUEST_URI' => '/'
    'SCRIPT_NAME' => '/index.php'
    'PHP_SELF' => '/index.php'
    'REQUEST_TIME_FLOAT' => 1653837251.2597
    'REQUEST_TIME' => 1653837251
]
2022-05-29 15:24:10 [127.0.0.1][-][-][error][yii\web\HttpException:400] yii\web\HttpException: The requested item isn't IP address or command: the input value must be a valid IP address. in /home/orsgen/dev_projects/geoip_ms/models/Main.php:44
Stack trace:
#0 /home/orsgen/dev_projects/geoip_ms/controllers/SiteController.php(16): geoip_ms\models\Main::GetIP()
#1 [internal function]: geoip_ms\controllers\SiteController->actionIndex()
#2 /home/orsgen/dev_projects/geoip_ms/vendor/yiisoft/yii2/base/InlineAction.php(57): call_user_func_array()
#3 /home/orsgen/dev_projects/geoip_ms/vendor/yiisoft/yii2/base/Controller.php(178): yii\base\InlineAction->runWithParams()
#4 /home/orsgen/dev_projects/geoip_ms/vendor/yiisoft/yii2/base/Module.php(552): yii\base\Controller->runAction()
#5 /home/orsgen/dev_projects/geoip_ms/vendor/yiisoft/yii2/web/Application.php(103): yii\base\Module->runAction()
#6 /home/orsgen/dev_projects/geoip_ms/vendor/yiisoft/yii2/base/Application.php(384): yii\web\Application->handleRequest()
#7 /home/orsgen/dev_projects/geoip_ms/web/index.php(13): yii\base\Application->run()
#8 {main}
2022-05-29 15:24:10 [127.0.0.1][-][-][warning][application] Error: (400) :: The requested item isn't IP address or command: the input value must be a valid IP address.
2022-05-29 15:24:10 [127.0.0.1][-][-][info][application] $_GET = []

$_POST = []

$_FILES = []

$_COOKIE = []

$_SERVER = [
    'HTTP_HOST' => 'geoip_ms.loc'
    'HTTP_USER_AGENT' => 'curl/7.68.0'
    'CONTENT_TYPE' => 'application/json'
    'HTTP_ACCEPT' => 'application/json'
    'CONTENT_LENGTH' => '14'
    'PATH' => '/usr/local/sbin:/usr/local/bin:/usr/sbin:/usr/bin:/sbin:/bin:/snap/bin'
    'SERVER_SIGNATURE' => '<address>Apache/2.4.41 (Ubuntu) Server at geoip_ms.loc Port 80</address>
'
    'SERVER_SOFTWARE' => 'Apache/2.4.41 (Ubuntu)'
    'SERVER_NAME' => 'geoip_ms.loc'
    'SERVER_ADDR' => '127.0.0.1'
    'SERVER_PORT' => '80'
    'REMOTE_ADDR' => '127.0.0.1'
    'DOCUMENT_ROOT' => '/home/orsgen/dev_projects/geoip_ms/web'
    'REQUEST_SCHEME' => 'http'
    'CONTEXT_PREFIX' => ''
    'CONTEXT_DOCUMENT_ROOT' => '/home/orsgen/dev_projects/geoip_ms/web'
    'SERVER_ADMIN' => '[no address given]'
    'SCRIPT_FILENAME' => '/home/orsgen/dev_projects/geoip_ms/web/index.php'
    'REMOTE_PORT' => '42894'
    'GATEWAY_INTERFACE' => 'CGI/1.1'
    'SERVER_PROTOCOL' => 'HTTP/1.1'
    'REQUEST_METHOD' => 'POST'
    'QUERY_STRING' => ''
    'REQUEST_URI' => '/'
    'SCRIPT_NAME' => '/index.php'
    'PHP_SELF' => '/index.php'
    'REQUEST_TIME_FLOAT' => 1653837850.2192
    'REQUEST_TIME' => 1653837850
]
2022-05-30 06:03:59 [127.0.0.1][-][-][error][yii\web\HttpException:404] yii\base\InvalidRouteException: Unable to resolve the request "favicon.ico". in /home/orsgen/dev_projects/geoip_ms/vendor/yiisoft/yii2/base/Module.php:561
Stack trace:
#0 /home/orsgen/dev_projects/geoip_ms/vendor/yiisoft/yii2/web/Application.php(103): yii\base\Module->runAction()
#1 /home/orsgen/dev_projects/geoip_ms/vendor/yiisoft/yii2/base/Application.php(384): yii\web\Application->handleRequest()
#2 /home/orsgen/dev_projects/geoip_ms/web/index.php(13): yii\base\Application->run()
#3 {main}

Next yii\web\NotFoundHttpException: Page not found. in /home/orsgen/dev_projects/geoip_ms/vendor/yiisoft/yii2/web/Application.php:115
Stack trace:
#0 /home/orsgen/dev_projects/geoip_ms/vendor/yiisoft/yii2/base/Application.php(384): yii\web\Application->handleRequest()
#1 /home/orsgen/dev_projects/geoip_ms/web/index.php(13): yii\base\Application->run()
#2 {main}
2022-05-30 06:04:00 [127.0.0.1][-][-][warning][application] Error: (404) :: Page not found.
2022-05-30 06:03:57 [127.0.0.1][-][-][info][application] $_GET = []

$_POST = []

$_FILES = []

$_COOKIE = []

$_SERVER = [
    'REDIRECT_STATUS' => '200'
    'HTTP_HOST' => 'geoip_ms.loc'
    'HTTP_USER_AGENT' => 'Mozilla/5.0 (X11; Ubuntu; Linux x86_64; rv:100.0) Gecko/20100101 Firefox/100.0'
    'HTTP_ACCEPT' => 'image/avif,image/webp,*/*'
    'HTTP_ACCEPT_LANGUAGE' => 'en-US,ru;q=0.7,en;q=0.3'
    'HTTP_ACCEPT_ENCODING' => 'gzip, deflate'
    'HTTP_REFERER' => 'http://geoip_ms.loc/'
    'HTTP_DNT' => '1'
    'HTTP_CONNECTION' => 'keep-alive'
    'PATH' => '/usr/local/sbin:/usr/local/bin:/usr/sbin:/usr/bin:/sbin:/bin:/snap/bin'
    'SERVER_SIGNATURE' => '<address>Apache/2.4.41 (Ubuntu) Server at geoip_ms.loc Port 80</address>
'
    'SERVER_SOFTWARE' => 'Apache/2.4.41 (Ubuntu)'
    'SERVER_NAME' => 'geoip_ms.loc'
    'SERVER_ADDR' => '127.0.0.1'
    'SERVER_PORT' => '80'
    'REMOTE_ADDR' => '127.0.0.1'
    'DOCUMENT_ROOT' => '/home/orsgen/dev_projects/geoip_ms/web'
    'REQUEST_SCHEME' => 'http'
    'CONTEXT_PREFIX' => ''
    'CONTEXT_DOCUMENT_ROOT' => '/home/orsgen/dev_projects/geoip_ms/web'
    'SERVER_ADMIN' => '[no address given]'
    'SCRIPT_FILENAME' => '/home/orsgen/dev_projects/geoip_ms/web/index.php'
    'REMOTE_PORT' => '39318'
    'REDIRECT_URL' => '/favicon.ico'
    'GATEWAY_INTERFACE' => 'CGI/1.1'
    'SERVER_PROTOCOL' => 'HTTP/1.1'
    'REQUEST_METHOD' => 'GET'
    'QUERY_STRING' => ''
    'REQUEST_URI' => '/favicon.ico'
    'SCRIPT_NAME' => '/index.php'
    'PHP_SELF' => '/index.php'
    'REQUEST_TIME_FLOAT' => 1653890636.5158
    'REQUEST_TIME' => 1653890636
]
2022-05-30 06:19:02 [127.0.0.1][-][-][error][yii\web\HttpException:400] yii\web\BadRequestHttpException: Invalid JSON data in request body: Syntax error in /home/orsgen/dev_projects/geoip_ms/vendor/yiisoft/yii2/web/JsonParser.php:60
Stack trace:
#0 /home/orsgen/dev_projects/geoip_ms/vendor/yiisoft/yii2/web/Request.php(579): yii\web\JsonParser->parse()
#1 /home/orsgen/dev_projects/geoip_ms/vendor/yiisoft/yii2/web/Request.php(644): yii\web\Request->getBodyParams()
#2 /home/orsgen/dev_projects/geoip_ms/models/Main.php(33): yii\web\Request->post()
#3 /home/orsgen/dev_projects/geoip_ms/controllers/SiteController.php(25): geoip_ms\models\Main::GetIP()
#4 [internal function]: geoip_ms\controllers\SiteController->actionIndex()
#5 /home/orsgen/dev_projects/geoip_ms/vendor/yiisoft/yii2/base/InlineAction.php(57): call_user_func_array()
#6 /home/orsgen/dev_projects/geoip_ms/vendor/yiisoft/yii2/base/Controller.php(178): yii\base\InlineAction->runWithParams()
#7 /home/orsgen/dev_projects/geoip_ms/vendor/yiisoft/yii2/base/Module.php(552): yii\base\Controller->runAction()
#8 /home/orsgen/dev_projects/geoip_ms/vendor/yiisoft/yii2/web/Application.php(103): yii\base\Module->runAction()
#9 /home/orsgen/dev_projects/geoip_ms/vendor/yiisoft/yii2/base/Application.php(384): yii\web\Application->handleRequest()
#10 /home/orsgen/dev_projects/geoip_ms/web/index.php(13): yii\base\Application->run()
#11 {main}
2022-05-30 06:19:02 [127.0.0.1][-][-][error][application] Error: (400) :: Invalid JSON data in request body: Syntax error
2022-05-30 06:19:02 [127.0.0.1][-][-][info][application] $_GET = []

$_POST = []

$_FILES = []

$_COOKIE = []

$_SERVER = [
    'HTTP_HOST' => 'localhost'
    'HTTP_USER_AGENT' => 'curl/7.68.0'
    'CONTENT_TYPE' => 'application/json'
    'HTTP_ACCEPT' => 'application/json'
    'CONTENT_LENGTH' => '47'
    'PATH' => '/usr/local/sbin:/usr/local/bin:/usr/sbin:/usr/bin:/sbin:/bin:/snap/bin'
    'SERVER_SIGNATURE' => '<address>Apache/2.4.41 (Ubuntu) Server at localhost Port 80</address>
'
    'SERVER_SOFTWARE' => 'Apache/2.4.41 (Ubuntu)'
    'SERVER_NAME' => 'localhost'
    'SERVER_ADDR' => '127.0.0.1'
    'SERVER_PORT' => '80'
    'REMOTE_ADDR' => '127.0.0.1'
    'DOCUMENT_ROOT' => '/home/orsgen/dev_projects'
    'REQUEST_SCHEME' => 'http'
    'CONTEXT_PREFIX' => ''
    'CONTEXT_DOCUMENT_ROOT' => '/home/orsgen/dev_projects'
    'SERVER_ADMIN' => 'webmaster@localhost'
    'SCRIPT_FILENAME' => '/home/orsgen/dev_projects/geoip_ms/web/index.php'
    'REMOTE_PORT' => '39718'
    'GATEWAY_INTERFACE' => 'CGI/1.1'
    'SERVER_PROTOCOL' => 'HTTP/1.1'
    'REQUEST_METHOD' => 'POST'
    'QUERY_STRING' => ''
    'REQUEST_URI' => '/geoip_ms/web/index.php'
    'SCRIPT_NAME' => '/geoip_ms/web/index.php'
    'PHP_SELF' => '/geoip_ms/web/index.php'
    'REQUEST_TIME_FLOAT' => 1653891542.0211
    'REQUEST_TIME' => 1653891542
]
2022-05-30 14:02:56 [127.0.0.1][-][-][error][yii\web\HttpException:404] yii\base\InvalidRouteException: Unable to resolve the request "favicon.ico". in /home/orsgen/dev_projects/geoip_ms/vendor/yiisoft/yii2/base/Module.php:561
Stack trace:
#0 /home/orsgen/dev_projects/geoip_ms/vendor/yiisoft/yii2/web/Application.php(103): yii\base\Module->runAction()
#1 /home/orsgen/dev_projects/geoip_ms/vendor/yiisoft/yii2/base/Application.php(384): yii\web\Application->handleRequest()
#2 /home/orsgen/dev_projects/geoip_ms/web/index.php(13): yii\base\Application->run()
#3 {main}

Next yii\web\NotFoundHttpException: Page not found. in /home/orsgen/dev_projects/geoip_ms/vendor/yiisoft/yii2/web/Application.php:115
Stack trace:
#0 /home/orsgen/dev_projects/geoip_ms/vendor/yiisoft/yii2/base/Application.php(384): yii\web\Application->handleRequest()
#1 /home/orsgen/dev_projects/geoip_ms/web/index.php(13): yii\base\Application->run()
#2 {main}
2022-05-30 14:02:56 [127.0.0.1][-][-][error][application] Error: (404) :: Page not found.
2022-05-30 14:02:56 [127.0.0.1][-][-][info][application] $_GET = []

$_POST = []

$_FILES = []

$_COOKIE = []

$_SERVER = [
    'REDIRECT_STATUS' => '200'
    'HTTP_HOST' => 'geoip_ms.loc'
    'HTTP_USER_AGENT' => 'Mozilla/5.0 (X11; Ubuntu; Linux x86_64; rv:100.0) Gecko/20100101 Firefox/100.0'
    'HTTP_ACCEPT' => 'image/avif,image/webp,*/*'
    'HTTP_ACCEPT_LANGUAGE' => 'en-US,ru;q=0.7,en;q=0.3'
    'HTTP_ACCEPT_ENCODING' => 'gzip, deflate'
    'HTTP_REFERER' => 'http://geoip_ms.loc/'
    'HTTP_DNT' => '1'
    'HTTP_CONNECTION' => 'keep-alive'
    'PATH' => '/usr/local/sbin:/usr/local/bin:/usr/sbin:/usr/bin:/sbin:/bin:/snap/bin'
    'SERVER_SIGNATURE' => '<address>Apache/2.4.41 (Ubuntu) Server at geoip_ms.loc Port 80</address>
'
    'SERVER_SOFTWARE' => 'Apache/2.4.41 (Ubuntu)'
    'SERVER_NAME' => 'geoip_ms.loc'
    'SERVER_ADDR' => '127.0.0.1'
    'SERVER_PORT' => '80'
    'REMOTE_ADDR' => '127.0.0.1'
    'DOCUMENT_ROOT' => '/home/orsgen/dev_projects/geoip_ms/web'
    'REQUEST_SCHEME' => 'http'
    'CONTEXT_PREFIX' => ''
    'CONTEXT_DOCUMENT_ROOT' => '/home/orsgen/dev_projects/geoip_ms/web'
    'SERVER_ADMIN' => '[no address given]'
    'SCRIPT_FILENAME' => '/home/orsgen/dev_projects/geoip_ms/web/index.php'
    'REMOTE_PORT' => '35232'
    'REDIRECT_URL' => '/favicon.ico'
    'GATEWAY_INTERFACE' => 'CGI/1.1'
    'SERVER_PROTOCOL' => 'HTTP/1.1'
    'REQUEST_METHOD' => 'GET'
    'QUERY_STRING' => ''
    'REQUEST_URI' => '/favicon.ico'
    'SCRIPT_NAME' => '/index.php'
    'PHP_SELF' => '/index.php'
    'REQUEST_TIME_FLOAT' => 1653919376.493
    'REQUEST_TIME' => 1653919376
]
